<?xml version="1.0" encoding="UTF-8"?>
<testng-results skipped="0" failed="0" total="1" passed="1">
  <reporter-output>
  </reporter-output>
  <suite name="Suite" duration-ms="17317" started-at="2021-02-18T14:13:12Z" finished-at="2021-02-18T14:13:29Z">
    <groups>
    </groups>
    <test name="Test" duration-ms="17317" started-at="2021-02-18T14:13:12Z" finished-at="2021-02-18T14:13:29Z">
      <class name="Jobserve">
        <test-method status="PASS" signature="getTitle()[pri:0, instance:Jobserve@275710fc]" name="getTitle" duration-ms="17270" started-at="2021-02-18T19:43:12Z" finished-at="2021-02-18T19:43:29Z">
          <reporter-output>
          </reporter-output>
        </test-method> <!-- getTitle -->
      </class> <!-- Jobserve -->
    </test> <!-- Test -->
  </suite> <!-- Suite -->
</testng-results>
